Using pre-set license
Built from '2021.3/staging' branch; Version is '2021.3.2f1 (d6360bedb9a0) revision 14038539'; Using compiler version '192829333'; Build Type 'Release'
OS: 'Windows 10  (10.0.19044) 64bit Education' Language: 'ko' Physical Memory: 16309 MB
BatchMode: 1, IsHumanControllingUs: 0, StartBugReporterOnCrash: 0, Is64bit: 1, IsPro: 1

COMMAND LINE ARGUMENTS:
C:\Program Files\Unity\Hub\Editor\2021.3.2f1\Editor\Unity.exe
-adb2
-batchMode
-noUpm
-name
AssetImportWorker0
-projectPath
C:/Users/inha/Q-learning을 이용한 VANET 라우팅 시뮬레이터
-logFile
Logs/AssetImportWorker0.log
-srvPort
7506
Successfully changed project path to: C:/Users/inha/Q-learning을 이용한 VANET 라우팅 시뮬레이터
C:/Users/inha/Q-learning을 이용한 VANET 라우팅 시뮬레이터
[UnityMemory] Configuration Parameters - Can be set up in boot.config
    "memorysetup-bucket-allocator-granularity=16"
    "memorysetup-bucket-allocator-bucket-count=8"
    "memorysetup-bucket-allocator-block-size=33554432"
    "memorysetup-bucket-allocator-block-count=8"
    "memorysetup-main-allocator-block-size=16777216"
    "memorysetup-thread-allocator-block-size=16777216"
    "memorysetup-gfx-main-allocator-block-size=16777216"
    "memorysetup-gfx-thread-allocator-block-size=16777216"
    "memorysetup-cache-allocator-block-size=4194304"
    "memorysetup-typetree-allocator-block-size=2097152"
    "memorysetup-profiler-bucket-allocator-granularity=16"
    "memorysetup-profiler-bucket-allocator-bucket-count=8"
    "memorysetup-profiler-bucket-allocator-block-size=33554432"
    "memorysetup-profiler-bucket-allocator-block-count=8"
    "memorysetup-profiler-allocator-block-size=16777216"
    "memorysetup-profiler-editor-allocator-block-size=1048576"
    "memorysetup-temp-allocator-size-main=16777216"
    "memorysetup-job-temp-allocator-block-size=2097152"
    "memorysetup-job-temp-allocator-block-size-background=1048576"
    "memorysetup-job-temp-allocator-reduction-small-platforms=262144"
    "memorysetup-temp-allocator-size-background-worker=32768"
    "memorysetup-temp-allocator-size-job-worker=262144"
    "memorysetup-temp-allocator-size-preload-manager=33554432"
    "memorysetup-temp-allocator-size-nav-mesh-worker=65536"
    "memorysetup-temp-allocator-size-audio-worker=65536"
    "memorysetup-temp-allocator-size-cloud-worker=32768"
    "memorysetup-temp-allocator-size-gi-baking-worker=262144"
    "memorysetup-temp-allocator-size-gfx=262144"
Refreshing native plugins compatible for Editor in 94.98 ms, found 2 plugins.
Preloading 0 native plugins for Editor in 0.00 ms.
Initialize engine version: 2021.3.2f1 (d6360bedb9a0)
[Subsystems] Discovering subsystems at path C:/Program Files/Unity/Hub/Editor/2021.3.2f1/Editor/Data/Resources/UnitySubsystems
[Subsystems] Discovering subsystems at path C:/Users/inha/Q-learning을 이용한 VANET 라우팅 시뮬레이터/Assets
GfxDevice: creating device client; threaded=0; jobified=0
Direct3D:
    Version:  Direct3D 11.0 [level 11.1]
    Renderer: NVIDIA GeForce RTX 2080 (ID=0x1e87)
    Vendor:   NVIDIA
    VRAM:     8010 MB
    Driver:   31.0.15.1694
Initialize mono
Mono path[0] = 'C:/Program Files/Unity/Hub/Editor/2021.3.2f1/Editor/Data/Managed'
Mono path[1] = 'C:/Program Files/Unity/Hub/Editor/2021.3.2f1/Editor/Data/MonoBleedingEdge/lib/mono/unityjit-win32'
Mono config path = 'C:/Program Files/Unity/Hub/Editor/2021.3.2f1/Editor/Data/MonoBleedingEdge/etc'
Using monoOptions --debugger-agent=transport=dt_socket,embedding=1,server=y,suspend=n,address=127.0.0.1:56792
Begin MonoManager ReloadAssembly
Registering precompiled unity dll's ...
Register platform support module: C:/Program Files/Unity/Hub/Editor/2021.3.2f1/Editor/Data/PlaybackEngines/WindowsStandaloneSupport/UnityEditor.WindowsStandalone.Extensions.dll
Registered in 0.066168 seconds.
Native extension for WindowsStandalone target not found
Refreshing native plugins compatible for Editor in 34.27 ms, found 2 plugins.
Preloading 0 native plugins for Editor in 0.00 ms.
Mono: successfully reloaded assembly
- Completed reload, in  1.084 seconds
Domain Reload Profiling:
	ReloadAssembly (1085ms)
		BeginReloadAssembly (295ms)
			ExecutionOrderSort (0ms)
			DisableScriptedObjects (0ms)
			BackupInstance (0ms)
			ReleaseScriptingObjects (0ms)
			CreateAndSetChildDomain (1ms)
		EndReloadAssembly (516ms)
			LoadAssemblies (275ms)
			RebuildTransferFunctionScriptingTraits (0ms)
			SetupTypeCache (124ms)
			ReleaseScriptCaches (0ms)
			RebuildScriptCaches (35ms)
			SetupLoadedEditorAssemblies (252ms)
				LogAssemblyErrors (0ms)
				InitializePlatformSupportModulesInManaged (23ms)
				SetLoadedEditorAssemblies (0ms)
				RefreshPlugins (34ms)
				BeforeProcessingInitializeOnLoad (2ms)
				ProcessInitializeOnLoadAttributes (136ms)
				ProcessInitializeOnLoadMethodAttributes (57ms)
				AfterProcessingInitializeOnLoad (0ms)
				EditorAssembliesLoaded (0ms)
			ExecutionOrderSort2 (0ms)
			AwakeInstancesAfterBackupRestoration (0ms)
Platform modules already initialized, skipping
Registering precompiled user dll's ...
Registered in 0.021703 seconds.
Begin MonoManager ReloadAssembly
Native extension for WindowsStandalone target not found
Refreshing native plugins compatible for Editor in 0.39 ms, found 2 plugins.
Preloading 0 native plugins for Editor in 0.00 ms.
Mono: successfully reloaded assembly
- Completed reload, in  1.655 seconds
Domain Reload Profiling:
	ReloadAssembly (1656ms)
		BeginReloadAssembly (404ms)
			ExecutionOrderSort (0ms)
			DisableScriptedObjects (7ms)
			BackupInstance (0ms)
			ReleaseScriptingObjects (0ms)
			CreateAndSetChildDomain (20ms)
		EndReloadAssembly (1028ms)
			LoadAssemblies (381ms)
			RebuildTransferFunctionScriptingTraits (0ms)
			SetupTypeCache (228ms)
			ReleaseScriptCaches (0ms)
			RebuildScriptCaches (43ms)
			SetupLoadedEditorAssemblies (526ms)
				LogAssemblyErrors (0ms)
				InitializePlatformSupportModulesInManaged (20ms)
				SetLoadedEditorAssemblies (0ms)
				RefreshPlugins (0ms)
				BeforeProcessingInitializeOnLoad (149ms)
				ProcessInitializeOnLoadAttributes (258ms)
				ProcessInitializeOnLoadMethodAttributes (34ms)
				AfterProcessingInitializeOnLoad (63ms)
				EditorAssembliesLoaded (0ms)
			ExecutionOrderSort2 (0ms)
			AwakeInstancesAfterBackupRestoration (11ms)
Platform modules already initialized, skipping
========================================================================
Worker process is ready to serve import requests
Launched and connected shader compiler UnityShaderCompiler.exe after 0.19 seconds
Refreshing native plugins compatible for Editor in 0.41 ms, found 2 plugins.
Preloading 0 native plugins for Editor in 0.00 ms.
Unloading 1672 Unused Serialized files (Serialized files now loaded: 0)
Unloading 19 unused Assets / (49.3 KB). Loaded Objects now: 2138.
Memory consumption went from 73.3 MB to 73.2 MB.
Total: 3.562900 ms (FindLiveObjects: 0.301500 ms CreateObjectMapping: 0.048100 ms MarkObjects: 3.084600 ms  DeleteObjects: 0.127300 ms)

AssetImportParameters requested are different than current active one (requested -> active):
  custom:video-decoder-ogg-theora: a1e56fd34408186e4bbccfd4996cb3dc -> 
  custom:container-muxer-webm: aa71ff27fc2769a1b78a27578f13a17b -> 
  custom:container-demuxer-webm: 4f35f7cbe854078d1ac9338744f61a02 -> 
  custom:video-encoder-webm-vp8: eb34c28f22e8b96e1ab97ce403110664 -> 
  custom:audio-encoder-webm-vorbis: bf7c407c2cedff20999df2af8eb42d56 -> 
  custom:framework-win-MediaFoundation: 216162199b28c13a410421893ffa2e32 -> 
  custom:container-demuxer-ogg: 62fdf1f143b41e24485cea50d1cbac27 -> 
  custom:video-decoder-webm-vp8: 9c59270c3fd7afecdb556c50c9e8de78 -> 
  custom:audio-decoder-ogg-vorbis: bf7c407c2cedff20999df2af8eb42d56 -> 
========================================================================
Received Import Request.
  Time since last request: 651724.577293 seconds.
  path: Assets/Stylized Vehicles Pack Free/Materials/PixelColors.mat
  artifactKey: Guid(63ac1dac8c25fd64aabb42d0c70d366d) Importer(815301076,1909f56bfc062723c751e8b465ee728b)
Start importing Assets/Stylized Vehicles Pack Free/Materials/PixelColors.mat using Guid(63ac1dac8c25fd64aabb42d0c70d366d) Importer(815301076,1909f56bfc062723c751e8b465ee728b)  -> (artifact id: 'dab6dbf537b933076e4d0ce68bb60c21') in 0.385239 seconds 
========================================================================
Received Import Request.
  Time since last request: 0.000021 seconds.
  path: Assets/Stylized Vehicles Pack Free/Materials/Headlights.mat
  artifactKey: Guid(795398b93aa6a3b40a0d70f6eed0d3c7) Importer(815301076,1909f56bfc062723c751e8b465ee728b)
Start importing Assets/Stylized Vehicles Pack Free/Materials/Headlights.mat using Guid(795398b93aa6a3b40a0d70f6eed0d3c7) Importer(815301076,1909f56bfc062723c751e8b465ee728b)  -> (artifact id: '7d0707492e8cf104f5e7ceb400397adb') in 0.025430 seconds 
========================================================================
Received Import Request.
  Time since last request: 12.214867 seconds.
  path: Assets/CityVoxelPack/Assets/roads/tall/Prefabs/road11.prefab
  artifactKey: Guid(0eda6842fdaa54348846dd6f673bf305) Importer(815301076,1909f56bfc062723c751e8b465ee728b)
Start importing Assets/CityVoxelPack/Assets/roads/tall/Prefabs/road11.prefab using Guid(0eda6842fdaa54348846dd6f673bf305) Importer(815301076,1909f56bfc062723c751e8b465ee728b)  -> (artifact id: '5bd18cae18c4ff735509ab857d949fb7') in 0.154802 seconds 
========================================================================
Received Import Request.
  Time since last request: 0.023399 seconds.
  path: Assets/CityVoxelPack/Assets/roads/tall/Prefabs/road13bis.prefab
  artifactKey: Guid(609a4258914341d49a8240df4cdcef24) Importer(815301076,1909f56bfc062723c751e8b465ee728b)
Start importing Assets/CityVoxelPack/Assets/roads/tall/Prefabs/road13bis.prefab using Guid(609a4258914341d49a8240df4cdcef24) Importer(815301076,1909f56bfc062723c751e8b465ee728b)  -> (artifact id: 'c2c3bcebe2135bdad55a8e4fdd7d43d2') in 0.143386 seconds 
========================================================================
Received Import Request.
  Time since last request: 0.000020 seconds.
  path: Assets/CityVoxelPack/Assets/roads/tall/Prefabs/road15.prefab
  artifactKey: Guid(390dc959598a61f41891104c988b6141) Importer(815301076,1909f56bfc062723c751e8b465ee728b)
Start importing Assets/CityVoxelPack/Assets/roads/tall/Prefabs/road15.prefab using Guid(390dc959598a61f41891104c988b6141) Importer(815301076,1909f56bfc062723c751e8b465ee728b)  -> (artifact id: '9d99e091a6852c0951c405033ecb46a8') in 0.122233 seconds 
========================================================================
Received Import Request.
  Time since last request: 0.000024 seconds.
  path: Assets/CityVoxelPack/Assets/roads/tall/Prefabs/road17bis.prefab
  artifactKey: Guid(77a0b2c135d83e04391f043ba0d4f5d4) Importer(815301076,1909f56bfc062723c751e8b465ee728b)
Start importing Assets/CityVoxelPack/Assets/roads/tall/Prefabs/road17bis.prefab using Guid(77a0b2c135d83e04391f043ba0d4f5d4) Importer(815301076,1909f56bfc062723c751e8b465ee728b)  -> (artifact id: '77413b07a0dc918e28f2d0ec68803be2') in 0.428621 seconds 
========================================================================
Received Import Request.
  Time since last request: 0.000025 seconds.
  path: Assets/CityVoxelPack/Assets/roads/tall/Prefabs/road14bisbis.prefab
  artifactKey: Guid(6d550d31a1332d146a14cc1c43ca3b85) Importer(815301076,1909f56bfc062723c751e8b465ee728b)
Start importing Assets/CityVoxelPack/Assets/roads/tall/Prefabs/road14bisbis.prefab using Guid(6d550d31a1332d146a14cc1c43ca3b85) Importer(815301076,1909f56bfc062723c751e8b465ee728b)  -> (artifact id: '70d0cef932b496f01fe396b8a349f797') in 0.055313 seconds 
========================================================================
Received Import Request.
  Time since last request: 0.000031 seconds.
  path: Assets/CityVoxelPack/Assets/roads/tall/Prefabs/road13.prefab
  artifactKey: Guid(5584b606ff5fd854a9a5846d073d2fc3) Importer(815301076,1909f56bfc062723c751e8b465ee728b)
Start importing Assets/CityVoxelPack/Assets/roads/tall/Prefabs/road13.prefab using Guid(5584b606ff5fd854a9a5846d073d2fc3) Importer(815301076,1909f56bfc062723c751e8b465ee728b)  -> (artifact id: '778577ebec2a51411cd7295acdab1cbc') in 0.051338 seconds 
