Using pre-set license
Built from '2021.3/staging' branch; Version is '2021.3.2f1 (d6360bedb9a0) revision 14038539'; Using compiler version '192829333'; Build Type 'Release'
OS: 'Windows 10  (10.0.19044) 64bit Education' Language: 'ko' Physical Memory: 16309 MB
BatchMode: 1, IsHumanControllingUs: 0, StartBugReporterOnCrash: 0, Is64bit: 1, IsPro: 1

COMMAND LINE ARGUMENTS:
C:\Program Files\Unity\Hub\Editor\2021.3.2f1\Editor\Unity.exe
-adb2
-batchMode
-noUpm
-name
AssetImportWorker2
-projectPath
C:/Users/inha/Q-learning을 이용한 VANET 라우팅 시뮬레이터
-logFile
Logs/AssetImportWorker2.log
-srvPort
7506
Successfully changed project path to: C:/Users/inha/Q-learning을 이용한 VANET 라우팅 시뮬레이터
C:/Users/inha/Q-learning을 이용한 VANET 라우팅 시뮬레이터
[UnityMemory] Configuration Parameters - Can be set up in boot.config
    "memorysetup-bucket-allocator-granularity=16"
    "memorysetup-bucket-allocator-bucket-count=8"
    "memorysetup-bucket-allocator-block-size=33554432"
    "memorysetup-bucket-allocator-block-count=8"
    "memorysetup-main-allocator-block-size=16777216"
    "memorysetup-thread-allocator-block-size=16777216"
    "memorysetup-gfx-main-allocator-block-size=16777216"
    "memorysetup-gfx-thread-allocator-block-size=16777216"
    "memorysetup-cache-allocator-block-size=4194304"
    "memorysetup-typetree-allocator-block-size=2097152"
    "memorysetup-profiler-bucket-allocator-granularity=16"
    "memorysetup-profiler-bucket-allocator-bucket-count=8"
    "memorysetup-profiler-bucket-allocator-block-size=33554432"
    "memorysetup-profiler-bucket-allocator-block-count=8"
    "memorysetup-profiler-allocator-block-size=16777216"
    "memorysetup-profiler-editor-allocator-block-size=1048576"
    "memorysetup-temp-allocator-size-main=16777216"
    "memorysetup-job-temp-allocator-block-size=2097152"
    "memorysetup-job-temp-allocator-block-size-background=1048576"
    "memorysetup-job-temp-allocator-reduction-small-platforms=262144"
    "memorysetup-temp-allocator-size-background-worker=32768"
    "memorysetup-temp-allocator-size-job-worker=262144"
    "memorysetup-temp-allocator-size-preload-manager=33554432"
    "memorysetup-temp-allocator-size-nav-mesh-worker=65536"
    "memorysetup-temp-allocator-size-audio-worker=65536"
    "memorysetup-temp-allocator-size-cloud-worker=32768"
    "memorysetup-temp-allocator-size-gi-baking-worker=262144"
    "memorysetup-temp-allocator-size-gfx=262144"
Refreshing native plugins compatible for Editor in 40.72 ms, found 2 plugins.
Preloading 0 native plugins for Editor in 0.00 ms.
Initialize engine version: 2021.3.2f1 (d6360bedb9a0)
[Subsystems] Discovering subsystems at path C:/Program Files/Unity/Hub/Editor/2021.3.2f1/Editor/Data/Resources/UnitySubsystems
[Subsystems] Discovering subsystems at path C:/Users/inha/Q-learning을 이용한 VANET 라우팅 시뮬레이터/Assets
GfxDevice: creating device client; threaded=0; jobified=0
Direct3D:
    Version:  Direct3D 11.0 [level 11.1]
    Renderer: NVIDIA GeForce RTX 2080 (ID=0x1e87)
    Vendor:   NVIDIA
    VRAM:     8010 MB
    Driver:   31.0.15.1694
Initialize mono
Mono path[0] = 'C:/Program Files/Unity/Hub/Editor/2021.3.2f1/Editor/Data/Managed'
Mono path[1] = 'C:/Program Files/Unity/Hub/Editor/2021.3.2f1/Editor/Data/MonoBleedingEdge/lib/mono/unityjit-win32'
Mono config path = 'C:/Program Files/Unity/Hub/Editor/2021.3.2f1/Editor/Data/MonoBleedingEdge/etc'
Using monoOptions --debugger-agent=transport=dt_socket,embedding=1,server=y,suspend=n,address=127.0.0.1:56860
Begin MonoManager ReloadAssembly
Registering precompiled unity dll's ...
Register platform support module: C:/Program Files/Unity/Hub/Editor/2021.3.2f1/Editor/Data/PlaybackEngines/WindowsStandaloneSupport/UnityEditor.WindowsStandalone.Extensions.dll
Registered in 0.066478 seconds.
Native extension for WindowsStandalone target not found
Refreshing native plugins compatible for Editor in 36.11 ms, found 2 plugins.
Preloading 0 native plugins for Editor in 0.00 ms.
Mono: successfully reloaded assembly
- Completed reload, in  1.090 seconds
Domain Reload Profiling:
	ReloadAssembly (1090ms)
		BeginReloadAssembly (295ms)
			ExecutionOrderSort (0ms)
			DisableScriptedObjects (0ms)
			BackupInstance (0ms)
			ReleaseScriptingObjects (0ms)
			CreateAndSetChildDomain (1ms)
		EndReloadAssembly (521ms)
			LoadAssemblies (275ms)
			RebuildTransferFunctionScriptingTraits (0ms)
			SetupTypeCache (132ms)
			ReleaseScriptCaches (0ms)
			RebuildScriptCaches (29ms)
			SetupLoadedEditorAssemblies (254ms)
				LogAssemblyErrors (0ms)
				InitializePlatformSupportModulesInManaged (21ms)
				SetLoadedEditorAssemblies (0ms)
				RefreshPlugins (36ms)
				BeforeProcessingInitializeOnLoad (1ms)
				ProcessInitializeOnLoadAttributes (138ms)
				ProcessInitializeOnLoadMethodAttributes (57ms)
				AfterProcessingInitializeOnLoad (0ms)
				EditorAssembliesLoaded (0ms)
			ExecutionOrderSort2 (0ms)
			AwakeInstancesAfterBackupRestoration (0ms)
Platform modules already initialized, skipping
Registering precompiled user dll's ...
Registered in 0.017428 seconds.
Begin MonoManager ReloadAssembly
Native extension for WindowsStandalone target not found
Refreshing native plugins compatible for Editor in 0.38 ms, found 2 plugins.
Preloading 0 native plugins for Editor in 0.00 ms.
Mono: successfully reloaded assembly
- Completed reload, in  1.659 seconds
Domain Reload Profiling:
	ReloadAssembly (1660ms)
		BeginReloadAssembly (407ms)
			ExecutionOrderSort (0ms)
			DisableScriptedObjects (7ms)
			BackupInstance (0ms)
			ReleaseScriptingObjects (0ms)
			CreateAndSetChildDomain (20ms)
		EndReloadAssembly (1030ms)
			LoadAssemblies (399ms)
			RebuildTransferFunctionScriptingTraits (0ms)
			SetupTypeCache (220ms)
			ReleaseScriptCaches (0ms)
			RebuildScriptCaches (42ms)
			SetupLoadedEditorAssemblies (533ms)
				LogAssemblyErrors (0ms)
				InitializePlatformSupportModulesInManaged (20ms)
				SetLoadedEditorAssemblies (1ms)
				RefreshPlugins (0ms)
				BeforeProcessingInitializeOnLoad (152ms)
				ProcessInitializeOnLoadAttributes (260ms)
				ProcessInitializeOnLoadMethodAttributes (36ms)
				AfterProcessingInitializeOnLoad (63ms)
				EditorAssembliesLoaded (0ms)
			ExecutionOrderSort2 (0ms)
			AwakeInstancesAfterBackupRestoration (11ms)
Platform modules already initialized, skipping
========================================================================
Worker process is ready to serve import requests
Launched and connected shader compiler UnityShaderCompiler.exe after 0.17 seconds
Refreshing native plugins compatible for Editor in 0.39 ms, found 2 plugins.
Preloading 0 native plugins for Editor in 0.00 ms.
Unloading 1672 Unused Serialized files (Serialized files now loaded: 0)
Unloading 19 unused Assets / (49.3 KB). Loaded Objects now: 2138.
Memory consumption went from 73.3 MB to 73.2 MB.
Total: 3.737100 ms (FindLiveObjects: 0.222600 ms CreateObjectMapping: 0.044400 ms MarkObjects: 3.342900 ms  DeleteObjects: 0.125800 ms)

AssetImportParameters requested are different than current active one (requested -> active):
  custom:video-decoder-ogg-theora: a1e56fd34408186e4bbccfd4996cb3dc -> 
  custom:container-muxer-webm: aa71ff27fc2769a1b78a27578f13a17b -> 
  custom:container-demuxer-webm: 4f35f7cbe854078d1ac9338744f61a02 -> 
  custom:video-encoder-webm-vp8: eb34c28f22e8b96e1ab97ce403110664 -> 
  custom:audio-encoder-webm-vorbis: bf7c407c2cedff20999df2af8eb42d56 -> 
  custom:framework-win-MediaFoundation: 216162199b28c13a410421893ffa2e32 -> 
  custom:container-demuxer-ogg: 62fdf1f143b41e24485cea50d1cbac27 -> 
  custom:video-decoder-webm-vp8: 9c59270c3fd7afecdb556c50c9e8de78 -> 
  custom:audio-decoder-ogg-vorbis: bf7c407c2cedff20999df2af8eb42d56 -> 
========================================================================
Received Import Request.
  Time since last request: 651724.577249 seconds.
  path: Assets/Stylized Vehicles Pack Free/Materials/SpecialLight2.mat
  artifactKey: Guid(fb2ab18a8d946034fa188ace09bfe055) Importer(815301076,1909f56bfc062723c751e8b465ee728b)
Start importing Assets/Stylized Vehicles Pack Free/Materials/SpecialLight2.mat using Guid(fb2ab18a8d946034fa188ace09bfe055) Importer(815301076,1909f56bfc062723c751e8b465ee728b)  -> (artifact id: '4619ef64bb9c8630c4228b99adcd3c29') in 0.385148 seconds 
========================================================================
Received Import Request.
  Time since last request: 0.000019 seconds.
  path: Assets/Stylized Vehicles Pack Free/Materials/PixelColors.psd
  artifactKey: Guid(a17377efbdd1a3b41a30d86102020dc5) Importer(815301076,1909f56bfc062723c751e8b465ee728b)
Start importing Assets/Stylized Vehicles Pack Free/Materials/PixelColors.psd using Guid(a17377efbdd1a3b41a30d86102020dc5) Importer(815301076,1909f56bfc062723c751e8b465ee728b)  -> (artifact id: 'e7a96c7e953dbb6c90442836f794bb68') in 0.995734 seconds 
========================================================================
Received Import Request.
  Time since last request: 5.376115 seconds.
  path: Assets/CityVoxelPack/Assets
  artifactKey: Guid(9257627ae19bfb04395c68c2e6c804ef) Importer(815301076,1909f56bfc062723c751e8b465ee728b)
Start importing Assets/CityVoxelPack/Assets using Guid(9257627ae19bfb04395c68c2e6c804ef) Importer(815301076,1909f56bfc062723c751e8b465ee728b)  -> (artifact id: '634a81904e9412078bee8b2f9c5edcbd') in 0.029306 seconds 
========================================================================
Received Import Request.
  Time since last request: 1.623833 seconds.
  path: Assets/CityVoxelPack/Assets/roads
  artifactKey: Guid(c6b84609124141f4a9c895d7a1f3d9b9) Importer(815301076,1909f56bfc062723c751e8b465ee728b)
Start importing Assets/CityVoxelPack/Assets/roads using Guid(c6b84609124141f4a9c895d7a1f3d9b9) Importer(815301076,1909f56bfc062723c751e8b465ee728b)  -> (artifact id: '55961d8be3401bb4b549f7c7ad38ecec') in 0.003510 seconds 
========================================================================
Received Import Request.
  Time since last request: 1.492503 seconds.
  path: Assets/CityVoxelPack/Assets/roads/tall
  artifactKey: Guid(ca04eeb5921eb5a4494656d020e02bb8) Importer(815301076,1909f56bfc062723c751e8b465ee728b)
Start importing Assets/CityVoxelPack/Assets/roads/tall using Guid(ca04eeb5921eb5a4494656d020e02bb8) Importer(815301076,1909f56bfc062723c751e8b465ee728b)  -> (artifact id: '165bb6ff3c04a4b4d5a8cb6e2f0819a1') in 0.017910 seconds 
========================================================================
Received Import Request.
  Time since last request: 1.144016 seconds.
  path: Assets/CityVoxelPack/Assets/roads/tall/Mesh
  artifactKey: Guid(dbc9cf8152b85814e9476288974621f1) Importer(815301076,1909f56bfc062723c751e8b465ee728b)
Start importing Assets/CityVoxelPack/Assets/roads/tall/Mesh using Guid(dbc9cf8152b85814e9476288974621f1) Importer(815301076,1909f56bfc062723c751e8b465ee728b)  -> (artifact id: '9ca5ed827b98fe38aa8b0e48a886030d') in 0.003401 seconds 
========================================================================
Received Import Request.
  Time since last request: 1.394246 seconds.
  path: Assets/CityVoxelPack/Assets/roads/tall/Prefabs
  artifactKey: Guid(c2d967ba38ab8174f8c4336c1c00abd6) Importer(815301076,1909f56bfc062723c751e8b465ee728b)
Start importing Assets/CityVoxelPack/Assets/roads/tall/Prefabs using Guid(c2d967ba38ab8174f8c4336c1c00abd6) Importer(815301076,1909f56bfc062723c751e8b465ee728b)  -> (artifact id: '2ffaa7aad12d5c35075cf7682f85416a') in 0.003757 seconds 
========================================================================
Received Import Request.
  Time since last request: 0.025621 seconds.
  path: Assets/CityVoxelPack/Assets/roads/tall/Prefabs/road10.prefab
  artifactKey: Guid(91eddc39f5fc8c84791530a94c64b16a) Importer(815301076,1909f56bfc062723c751e8b465ee728b)
Start importing Assets/CityVoxelPack/Assets/roads/tall/Prefabs/road10.prefab using Guid(91eddc39f5fc8c84791530a94c64b16a) Importer(815301076,1909f56bfc062723c751e8b465ee728b)  -> (artifact id: 'f311c73460c60202f767bc49d457372e') in 0.172796 seconds 
========================================================================
Received Import Request.
  Time since last request: 0.013822 seconds.
  path: Assets/CityVoxelPack/Assets/roads/tall/Prefabs/road12bis.prefab
  artifactKey: Guid(70d9e664f8744574ab6b0493d8f2262d) Importer(815301076,1909f56bfc062723c751e8b465ee728b)
Start importing Assets/CityVoxelPack/Assets/roads/tall/Prefabs/road12bis.prefab using Guid(70d9e664f8744574ab6b0493d8f2262d) Importer(815301076,1909f56bfc062723c751e8b465ee728b)  -> (artifact id: 'd8e414ee29c4600ccb31fa7267fb4f31') in 0.129512 seconds 
========================================================================
Received Import Request.
  Time since last request: 0.000019 seconds.
  path: Assets/CityVoxelPack/Assets/roads/tall/Prefabs/road14bis.prefab
  artifactKey: Guid(6ec0c7cf8b6867b43b5c9d267b7b379d) Importer(815301076,1909f56bfc062723c751e8b465ee728b)
Start importing Assets/CityVoxelPack/Assets/roads/tall/Prefabs/road14bis.prefab using Guid(6ec0c7cf8b6867b43b5c9d267b7b379d) Importer(815301076,1909f56bfc062723c751e8b465ee728b)  -> (artifact id: '4c7ec574f683dfdbb3b0c2aeba8b1dbe') in 0.074263 seconds 
========================================================================
Received Import Request.
  Time since last request: 0.000021 seconds.
  path: Assets/CityVoxelPack/Assets/roads/tall/Prefabs/road16bis.prefab
  artifactKey: Guid(78155e01d435aed44b25dc3a642f47b3) Importer(815301076,1909f56bfc062723c751e8b465ee728b)
Start importing Assets/CityVoxelPack/Assets/roads/tall/Prefabs/road16bis.prefab using Guid(78155e01d435aed44b25dc3a642f47b3) Importer(815301076,1909f56bfc062723c751e8b465ee728b)  -> (artifact id: '4dfbe0747c25e492d0d558f9074a6b47') in 0.084357 seconds 
========================================================================
Received Import Request.
  Time since last request: 0.000027 seconds.
  path: Assets/CityVoxelPack/Assets/roads/tall/Prefabs/road16bisbis.prefab
  artifactKey: Guid(d06046df36b20554da712b2e585e401e) Importer(815301076,1909f56bfc062723c751e8b465ee728b)
Start importing Assets/CityVoxelPack/Assets/roads/tall/Prefabs/road16bisbis.prefab using Guid(d06046df36b20554da712b2e585e401e) Importer(815301076,1909f56bfc062723c751e8b465ee728b)  -> (artifact id: '79162aba5cf9e8295cdf480bfa3f6387') in 0.482535 seconds 
========================================================================
Received Import Request.
  Time since last request: 0.000021 seconds.
  path: Assets/CityVoxelPack/Assets/roads/tall/Prefabs/road17.prefab
  artifactKey: Guid(18accf8c94021124ca24842111a549b3) Importer(815301076,1909f56bfc062723c751e8b465ee728b)
Start importing Assets/CityVoxelPack/Assets/roads/tall/Prefabs/road17.prefab using Guid(18accf8c94021124ca24842111a549b3) Importer(815301076,1909f56bfc062723c751e8b465ee728b)  -> (artifact id: '0fd8693f13b1ef8bec1f51c166832517') in 0.149529 seconds 
Editor requested this worker to shutdown with reason: Scaling down because of idle timeout
AssetImportWorker is now disconnected from the server
Process exiting
Exiting without the bug reporter. Application will terminate with return code 0